  MainServer.cpp
C:\Users\한영인\Documents\GitHub\2021NGP_AGARIO\Server\Server\MainServer.cpp(84,16): warning C4244: '초기화 중': 'LONG'에서 'float'(으)로 변환하면서 데이터가 손실될 수 있습니다.
C:\Users\한영인\Documents\GitHub\2021NGP_AGARIO\Server\Server\MainServer.cpp(85,16): warning C4244: '초기화 중': 'LONG'에서 'float'(으)로 변환하면서 데이터가 손실될 수 있습니다.
C:\Users\한영인\Documents\GitHub\2021NGP_AGARIO\Server\Server\MainServer.cpp(96,72): warning C4244: '+=': 'float'에서 'LONG'(으)로 변환하면서 데이터가 손실될 수 있습니다.
C:\Users\한영인\Documents\GitHub\2021NGP_AGARIO\Server\Server\MainServer.cpp(99,72): warning C4244: '+=': 'float'에서 'LONG'(으)로 변환하면서 데이터가 손실될 수 있습니다.
C:\Users\한영인\Documents\GitHub\2021NGP_AGARIO\Server\Server\MainServer.cpp(110,162): warning C4244: '=': 'float'에서 'LONG'(으)로 변환하면서 데이터가 손실될 수 있습니다.
C:\Users\한영인\Documents\GitHub\2021NGP_AGARIO\Server\Server\MainServer.cpp(121,68): warning C4244: '+=': 'float'에서 'LONG'(으)로 변환하면서 데이터가 손실될 수 있습니다.
C:\Users\한영인\Documents\GitHub\2021NGP_AGARIO\Server\Server\MainServer.cpp(122,68): warning C4244: '+=': 'float'에서 'LONG'(으)로 변환하면서 데이터가 손실될 수 있습니다.
C:\Users\한영인\Documents\GitHub\2021NGP_AGARIO\Server\Server\MainServer.cpp(137,29): warning C4305: '=': 'unsigned int'에서 'char'(으)로 잘립니다.
C:\Users\한영인\Documents\GitHub\2021NGP_AGARIO\Server\Server\MainServer.cpp(137,17): warning C4309: '=': 상수 값이 잘립니다.
C:\Users\한영인\Documents\GitHub\2021NGP_AGARIO\Server\Server\MainServer.cpp(197,49): warning C4305: '+=': 'double'에서 'float'(으)로 잘립니다.
C:\Users\한영인\Documents\GitHub\2021NGP_AGARIO\Server\Server\MainServer.cpp(226,36): warning C4244: '=': 'double'에서 'LONG'(으)로 변환하면서 데이터가 손실될 수 있습니다.
C:\Users\한영인\Documents\GitHub\2021NGP_AGARIO\Server\Server\MainServer.cpp(227,36): warning C4244: '=': 'double'에서 'LONG'(으)로 변환하면서 데이터가 손실될 수 있습니다.
C:\Users\한영인\Documents\GitHub\2021NGP_AGARIO\Server\Server\MainServer.cpp(278,32): warning C4244: '초기화 중': 'LONG'에서 'float'(으)로 변환하면서 데이터가 손실될 수 있습니다.
C:\Users\한영인\Documents\GitHub\2021NGP_AGARIO\Server\Server\MainServer.cpp(279,32): warning C4244: '초기화 중': 'LONG'에서 'float'(으)로 변환하면서 데이터가 손실될 수 있습니다.
C:\Users\한영인\Documents\GitHub\2021NGP_AGARIO\Server\Server\MainServer.cpp(283,92): warning C4244: '=': 'float'에서 'LONG'(으)로 변환하면서 데이터가 손실될 수 있습니다.
C:\Users\한영인\Documents\GitHub\2021NGP_AGARIO\Server\Server\MainServer.cpp(284,92): warning C4244: '=': 'float'에서 'LONG'(으)로 변환하면서 데이터가 손실될 수 있습니다.
C:\Users\한영인\Documents\GitHub\2021NGP_AGARIO\Server\Server\MainServer.cpp(304,59): warning C4244: '-=': 'float'에서 'LONG'(으)로 변환하면서 데이터가 손실될 수 있습니다.
C:\Users\한영인\Documents\GitHub\2021NGP_AGARIO\Server\Server\MainServer.cpp(305,59): warning C4244: '-=': 'float'에서 'LONG'(으)로 변환하면서 데이터가 손실될 수 있습니다.
C:\Users\한영인\Documents\GitHub\2021NGP_AGARIO\Server\Server\MainServer.cpp(306,59): warning C4244: '+=': 'float'에서 'LONG'(으)로 변환하면서 데이터가 손실될 수 있습니다.
C:\Users\한영인\Documents\GitHub\2021NGP_AGARIO\Server\Server\MainServer.cpp(307,59): warning C4244: '+=': 'float'에서 'LONG'(으)로 변환하면서 데이터가 손실될 수 있습니다.
C:\Users\한영인\Documents\GitHub\2021NGP_AGARIO\Server\Server\MainServer.cpp(310,59): warning C4244: '+=': 'float'에서 'LONG'(으)로 변환하면서 데이터가 손실될 수 있습니다.
C:\Users\한영인\Documents\GitHub\2021NGP_AGARIO\Server\Server\MainServer.cpp(311,59): warning C4244: '+=': 'float'에서 'LONG'(으)로 변환하면서 데이터가 손실될 수 있습니다.
C:\Users\한영인\Documents\GitHub\2021NGP_AGARIO\Server\Server\MainServer.cpp(312,59): warning C4244: '-=': 'float'에서 'LONG'(으)로 변환하면서 데이터가 손실될 수 있습니다.
C:\Users\한영인\Documents\GitHub\2021NGP_AGARIO\Server\Server\MainServer.cpp(313,59): warning C4244: '-=': 'float'에서 'LONG'(으)로 변환하면서 데이터가 손실될 수 있습니다.
C:\Users\한영인\Documents\GitHub\2021NGP_AGARIO\Server\Server\MainServer.cpp(327,59): warning C4244: '-=': 'float'에서 'LONG'(으)로 변환하면서 데이터가 손실될 수 있습니다.
C:\Users\한영인\Documents\GitHub\2021NGP_AGARIO\Server\Server\MainServer.cpp(328,59): warning C4244: '-=': 'float'에서 'LONG'(으)로 변환하면서 데이터가 손실될 수 있습니다.
C:\Users\한영인\Documents\GitHub\2021NGP_AGARIO\Server\Server\MainServer.cpp(329,59): warning C4244: '+=': 'float'에서 'LONG'(으)로 변환하면서 데이터가 손실될 수 있습니다.
C:\Users\한영인\Documents\GitHub\2021NGP_AGARIO\Server\Server\MainServer.cpp(330,59): warning C4244: '+=': 'float'에서 'LONG'(으)로 변환하면서 데이터가 손실될 수 있습니다.
C:\Users\한영인\Documents\GitHub\2021NGP_AGARIO\Server\Server\MainServer.cpp(333,59): warning C4244: '+=': 'float'에서 'LONG'(으)로 변환하면서 데이터가 손실될 수 있습니다.
C:\Users\한영인\Documents\GitHub\2021NGP_AGARIO\Server\Server\MainServer.cpp(334,59): warning C4244: '+=': 'float'에서 'LONG'(으)로 변환하면서 데이터가 손실될 수 있습니다.
C:\Users\한영인\Documents\GitHub\2021NGP_AGARIO\Server\Server\MainServer.cpp(335,59): warning C4244: '-=': 'float'에서 'LONG'(으)로 변환하면서 데이터가 손실될 수 있습니다.
C:\Users\한영인\Documents\GitHub\2021NGP_AGARIO\Server\Server\MainServer.cpp(336,59): warning C4244: '-=': 'float'에서 'LONG'(으)로 변환하면서 데이터가 손실될 수 있습니다.
C:\Users\한영인\Documents\GitHub\2021NGP_AGARIO\Server\Server\MainServer.cpp(350,59): warning C4244: '-=': 'float'에서 'LONG'(으)로 변환하면서 데이터가 손실될 수 있습니다.
C:\Users\한영인\Documents\GitHub\2021NGP_AGARIO\Server\Server\MainServer.cpp(351,59): warning C4244: '-=': 'float'에서 'LONG'(으)로 변환하면서 데이터가 손실될 수 있습니다.
C:\Users\한영인\Documents\GitHub\2021NGP_AGARIO\Server\Server\MainServer.cpp(352,59): warning C4244: '+=': 'float'에서 'LONG'(으)로 변환하면서 데이터가 손실될 수 있습니다.
C:\Users\한영인\Documents\GitHub\2021NGP_AGARIO\Server\Server\MainServer.cpp(353,59): warning C4244: '+=': 'float'에서 'LONG'(으)로 변환하면서 데이터가 손실될 수 있습니다.
C:\Users\한영인\Documents\GitHub\2021NGP_AGARIO\Server\Server\MainServer.cpp(356,59): warning C4244: '+=': 'float'에서 'LONG'(으)로 변환하면서 데이터가 손실될 수 있습니다.
C:\Users\한영인\Documents\GitHub\2021NGP_AGARIO\Server\Server\MainServer.cpp(357,59): warning C4244: '+=': 'float'에서 'LONG'(으)로 변환하면서 데이터가 손실될 수 있습니다.
C:\Users\한영인\Documents\GitHub\2021NGP_AGARIO\Server\Server\MainServer.cpp(358,59): warning C4244: '-=': 'float'에서 'LONG'(으)로 변환하면서 데이터가 손실될 수 있습니다.
C:\Users\한영인\Documents\GitHub\2021NGP_AGARIO\Server\Server\MainServer.cpp(359,59): warning C4244: '-=': 'float'에서 'LONG'(으)로 변환하면서 데이터가 손실될 수 있습니다.
C:\Users\한영인\Documents\GitHub\2021NGP_AGARIO\Server\Server\MainServer.cpp(482,32): warning C4244: '=': 'double'에서 'LONG'(으)로 변환하면서 데이터가 손실될 수 있습니다.
C:\Users\한영인\Documents\GitHub\2021NGP_AGARIO\Server\Server\MainServer.cpp(483,32): warning C4244: '=': 'double'에서 'LONG'(으)로 변환하면서 데이터가 손실될 수 있습니다.
  코드를 생성하고 있습니다.
  2 of 215 functions ( 0.9%) were compiled, the rest were copied from previous compilation.
    0 functions were new in current compilation
    1 functions had inline decision re-evaluated but remain unchanged
  코드를 생성했습니다.
  Server.vcxproj -> C:\Users\한영인\Documents\GitHub\2021NGP_AGARIO\Server\Release\Server.exe
